<?xml version="1.0" encoding="UTF-8"?>
<testng-results ignored="0" total="1" passed="1" failed="0" skipped="0">
  <reporter-output>
  </reporter-output>
  <suite started-at="2021-05-20T11:13:38Z" name="Default suite" finished-at="2021-05-20T11:13:58Z" duration-ms="20078">
    <groups>
    </groups>
    <test started-at="2021-05-20T11:13:38Z" name="Default test" finished-at="2021-05-20T11:13:58Z" duration-ms="20078">
      <class name="tests.OpenBrowserFillForm">
        <test-method is-config="true" signature="intantiateDriver()[pri:0, instance:tests.OpenBrowserFillForm@fa36558]" started-at="2021-05-20T11:13:38Z" name="intantiateDriver" finished-at="2021-05-20T11:13:41Z" duration-ms="2610" status="PASS">
          <reporter-output>
          </reporter-output>
        </test-method> <!-- intantiateDriver -->
        <test-method signature="formFilling(java.lang.String)[pri:0, instance:tests.OpenBrowserFillForm@fa36558]" started-at="2021-05-20T11:13:42Z" name="formFilling" data-provider="get-url" finished-at="2021-05-20T11:13:58Z" duration-ms="16285" status="PASS">
          <params>
            <param index="0">
              <value>
                <![CDATA[https://demoqa.com/automation-practice-form]]>
              </value>
            </param>
          </params>
          <reporter-output>
          </reporter-output>
        </test-method> <!-- formFilling -->
        <test-method is-config="true" signature="closeDriver()[pri:0, instance:tests.OpenBrowserFillForm@fa36558]" started-at="2021-05-20T11:13:58Z" name="closeDriver" finished-at="2021-05-20T11:13:58Z" duration-ms="1" status="PASS">
          <reporter-output>
          </reporter-output>
        </test-method> <!-- closeDriver -->
      </class> <!-- tests.OpenBrowserFillForm -->
    </test> <!-- Default test -->
  </suite> <!-- Default suite -->
</testng-results>
